GROUP,PACKAGE,CLASS,INSTRUCTION_MISSED,INSTRUCTION_COVERED,BRANCH_MISSED,BRANCH_COVERED,LINE_MISSED,LINE_COVERED,COMPLEXITY_MISSED,COMPLEXITY_COVERED,METHOD_MISSED,METHOD_COVERED
Spring Security ADFS SAML2,com.github.choonchernlim.security.adfs.saml2,SAMLConfigBeanBuilder,0,77,0,0,0,31,0,12,0,12
Spring Security ADFS SAML2,com.github.choonchernlim.security.adfs.saml2,SAMLConfigBean,0,122,0,0,0,22,0,11,0,11
Spring Security ADFS SAML2,com.github.choonchernlim.security.adfs.saml2,DefaultSAMLBootstrap,0,56,0,0,0,12,0,3,0,3
Spring Security ADFS SAML2,com.github.choonchernlim.security.adfs.saml2,CustomAuthnContext,3,0,0,0,1,0,1,0,1,0
Spring Security ADFS SAML2,com.github.choonchernlim.security.adfs.saml2,SAMLWebSecurityConfigurerAdapter,580,0,6,0,116,0,48,0,45,0
